<?xml version="1.0" encoding="UTF-8"?>
<!-- Generated by org.testng.reporters.JUnitXMLReporter -->
<testsuite ignored="0" hostname="LTIN462825" failures="0" tests="4" name="Test_2" time="150.734" errors="0" timestamp="2024-10-30T10:23:11 IST">
  <testcase classname="Tests.TC001_CabBookingTest" name="Booking_Cab" time="47.478"/>
  <testcase classname="Tests.TC004_HomePageVerification" name="Home_Page_Verification" time="2.076"/>
  <testcase classname="Tests.TC003_HotelSelectionTest" name="Hotel_Selection_Test" time="5.381"/>
  <testcase classname="Tests.TC002_GiftCardTest" name="Gift_Card_Test" time="37.915"/>
</testsuite> <!-- Test_2 -->
