<?xml version="1.0" encoding="UTF-8"?>
<!-- Generated by org.testng.reporters.JUnitXMLReporter -->
<testsuite ignored="0" hostname="LTIN447743" failures="0" tests="4" name="Test" time="184.769" errors="0" timestamp="2024-11-05T10:42:18 IST">
  <testcase classname="Tests.TC001_CabBookingTest" name="Booking_Cab" time="57.53"/>
  <testcase classname="Tests.TC002_GiftCardTest" name="Gift_Card_Test" time="44.283"/>
  <testcase classname="Tests.TC003_HotelSelectionTest" name="Hotel_Selection_Test" time="7.172"/>
  <testcase classname="Tests.TC004_HomePageVerification" name="Home_Page_Verification" time="3.895"/>
</testsuite> <!-- Test -->
