<?xml version="1.0" encoding="UTF-8"?>
<!-- Generated by org.testng.reporters.JUnitXMLReporter -->
<testsuite ignored="0" hostname="LTIN462825" failures="0" tests="4" name="Test_1" time="150.117" errors="0" timestamp="2024-10-30T10:23:11 IST">
  <testcase classname="Tests.TC001_CabBookingTest" name="Booking_Cab" time="45.408"/>
  <testcase classname="Tests.TC004_HomePageVerification" name="Home_Page_Verification" time="2.045"/>
  <testcase classname="Tests.TC003_HotelSelectionTest" name="Hotel_Selection_Test" time="7.091"/>
  <testcase classname="Tests.TC002_GiftCardTest" name="Gift_Card_Test" time="39.105"/>
</testsuite> <!-- Test_1 -->
