<?xml version="1.0" encoding="UTF-8"?>
<testng-results ignored="0" total="4" passed="4" failed="0" skipped="0">
  <reporter-output>
  </reporter-output>
  <suite started-at="2024-11-05T10:39:14 IST" name="Suite" finished-at="2024-11-05T10:42:18 IST" duration-ms="184769">
    <groups>
      <group name="Master">
        <method signature="TC001_CabBookingTest.Booking_Cab()[pri:0, instance:Tests.TC001_CabBookingTest@31c88ec8]" name="Booking_Cab" class="Tests.TC001_CabBookingTest"/>
        <method signature="TC002_GiftCardTest.Gift_Card_Test(java.lang.String, java.lang.String, java.lang.String, java.lang.String, java.lang.String, java.lang.String)[pri:2, instance:Tests.TC002_GiftCardTest@1cbbffcd]" name="Gift_Card_Test" class="Tests.TC002_GiftCardTest"/>
        <method signature="TC003_HotelSelectionTest.Hotel_Selection_Test()[pri:0, instance:Tests.TC003_HotelSelectionTest@27ce24aa]" name="Hotel_Selection_Test" class="Tests.TC003_HotelSelectionTest"/>
        <method signature="TC004_HomePageVerification.Home_Page_Verification()[pri:0, instance:Tests.TC004_HomePageVerification@481a996b]" name="Home_Page_Verification" class="Tests.TC004_HomePageVerification"/>
      </group> <!-- Master -->
      <group name="Regression">
        <method signature="TC001_CabBookingTest.Booking_Cab()[pri:0, instance:Tests.TC001_CabBookingTest@31c88ec8]" name="Booking_Cab" class="Tests.TC001_CabBookingTest"/>
        <method signature="TC002_GiftCardTest.Gift_Card_Test(java.lang.String, java.lang.String, java.lang.String, java.lang.String, java.lang.String, java.lang.String)[pri:2, instance:Tests.TC002_GiftCardTest@1cbbffcd]" name="Gift_Card_Test" class="Tests.TC002_GiftCardTest"/>
        <method signature="TC003_HotelSelectionTest.Hotel_Selection_Test()[pri:0, instance:Tests.TC003_HotelSelectionTest@27ce24aa]" name="Hotel_Selection_Test" class="Tests.TC003_HotelSelectionTest"/>
      </group> <!-- Regression -->
      <group name="Smoke">
        <method signature="TC004_HomePageVerification.Home_Page_Verification()[pri:0, instance:Tests.TC004_HomePageVerification@481a996b]" name="Home_Page_Verification" class="Tests.TC004_HomePageVerification"/>
      </group> <!-- Smoke -->
    </groups>
    <test started-at="2024-11-05T10:39:14 IST" name="Test" finished-at="2024-11-05T10:42:18 IST" duration-ms="184769">
      <class name="Tests.TC003_HotelSelectionTest">
        <test-method is-config="true" signature="startTest(java.lang.String, java.lang.String)[pri:0, instance:Tests.TC003_HotelSelectionTest@27ce24aa]" started-at="2024-11-05T10:41:35 IST" name="startTest" finished-at="2024-11-05T10:41:46 IST" duration-ms="10871" status="PASS">
          <params>
            <param index="0">
              <value>
                <![CDATA[windows]]>
              </value>
            </param>
            <param index="1">
              <value>
                <![CDATA[chrome]]>
              </value>
            </param>
          </params>
          <reporter-output>
          </reporter-output>
        </test-method> <!-- startTest -->
        <test-method signature="Hotel_Selection_Test()[pri:0, instance:Tests.TC003_HotelSelectionTest@27ce24aa]" started-at="2024-11-05T10:41:46 IST" name="Hotel_Selection_Test" finished-at="2024-11-05T10:41:53 IST" duration-ms="7172" status="PASS">
          <reporter-output>
          </reporter-output>
        </test-method> <!-- Hotel_Selection_Test -->
        <test-method is-config="true" signature="teardown()[pri:0, instance:Tests.TC003_HotelSelectionTest@27ce24aa]" started-at="2024-11-05T10:41:53 IST" name="teardown" finished-at="2024-11-05T10:41:58 IST" duration-ms="4875" status="PASS">
          <reporter-output>
          </reporter-output>
        </test-method> <!-- teardown -->
      </class> <!-- Tests.TC003_HotelSelectionTest -->
      <class name="Tests.TC002_GiftCardTest">
        <test-method is-config="true" signature="startTest(java.lang.String, java.lang.String)[pri:0, instance:Tests.TC002_GiftCardTest@1cbbffcd]" started-at="2024-11-05T10:40:35 IST" name="startTest" finished-at="2024-11-05T10:40:46 IST" duration-ms="11226" status="PASS">
          <params>
            <param index="0">
              <value>
                <![CDATA[windows]]>
              </value>
            </param>
            <param index="1">
              <value>
                <![CDATA[chrome]]>
              </value>
            </param>
          </params>
          <reporter-output>
          </reporter-output>
        </test-method> <!-- startTest -->
        <test-method signature="Gift_Card_Test(java.lang.String, java.lang.String, java.lang.String, java.lang.String, java.lang.String, java.lang.String)[pri:2, instance:Tests.TC002_GiftCardTest@1cbbffcd]" started-at="2024-11-05T10:40:46 IST" name="Gift_Card_Test" data-provider="giftCardData" finished-at="2024-11-05T10:41:31 IST" duration-ms="44283" status="PASS">
          <params>
            <param index="0">
              <value>
                <![CDATA[John Doe]]>
              </value>
            </param>
            <param index="1">
              <value>
                <![CDATA[1234567890]]>
              </value>
            </param>
            <param index="2">
              <value>
                <![CDATA[john.doe@example.com]]>
              </value>
            </param>
            <param index="3">
              <value>
                <![CDATA[Jane Smith]]>
              </value>
            </param>
            <param index="4">
              <value>
                <![CDATA[9876543210]]>
              </value>
            </param>
            <param index="5">
              <value>
                <![CDATA[jane.smithexample.com]]>
              </value>
            </param>
          </params>
          <reporter-output>
          </reporter-output>
        </test-method> <!-- Gift_Card_Test -->
        <test-method is-config="true" signature="teardown()[pri:0, instance:Tests.TC002_GiftCardTest@1cbbffcd]" started-at="2024-11-05T10:41:31 IST" name="teardown" finished-at="2024-11-05T10:41:35 IST" duration-ms="4528" status="PASS">
          <reporter-output>
          </reporter-output>
        </test-method> <!-- teardown -->
      </class> <!-- Tests.TC002_GiftCardTest -->
      <class name="Tests.TC001_CabBookingTest">
        <test-method is-config="true" signature="startTest(java.lang.String, java.lang.String)[pri:0, instance:Tests.TC001_CabBookingTest@31c88ec8]" started-at="2024-11-05T10:39:14 IST" name="startTest" finished-at="2024-11-05T10:39:28 IST" duration-ms="13930" status="PASS">
          <params>
            <param index="0">
              <value>
                <![CDATA[windows]]>
              </value>
            </param>
            <param index="1">
              <value>
                <![CDATA[chrome]]>
              </value>
            </param>
          </params>
          <reporter-output>
          </reporter-output>
        </test-method> <!-- startTest -->
        <test-method signature="Booking_Cab()[pri:0, instance:Tests.TC001_CabBookingTest@31c88ec8]" started-at="2024-11-05T10:39:28 IST" name="Booking_Cab" finished-at="2024-11-05T10:40:26 IST" duration-ms="57530" status="PASS">
          <reporter-output>
          </reporter-output>
        </test-method> <!-- Booking_Cab -->
        <test-method is-config="true" signature="teardown()[pri:0, instance:Tests.TC001_CabBookingTest@31c88ec8]" started-at="2024-11-05T10:40:26 IST" name="teardown" finished-at="2024-11-05T10:40:35 IST" duration-ms="9024" status="PASS">
          <reporter-output>
          </reporter-output>
        </test-method> <!-- teardown -->
      </class> <!-- Tests.TC001_CabBookingTest -->
      <class name="Tests.TC004_HomePageVerification">
        <test-method is-config="true" signature="startTest(java.lang.String, java.lang.String)[pri:0, instance:Tests.TC004_HomePageVerification@481a996b]" started-at="2024-11-05T10:41:58 IST" name="startTest" finished-at="2024-11-05T10:42:10 IST" duration-ms="11645" status="PASS">
          <params>
            <param index="0">
              <value>
                <![CDATA[windows]]>
              </value>
            </param>
            <param index="1">
              <value>
                <![CDATA[chrome]]>
              </value>
            </param>
          </params>
          <reporter-output>
          </reporter-output>
        </test-method> <!-- startTest -->
        <test-method signature="Home_Page_Verification()[pri:0, instance:Tests.TC004_HomePageVerification@481a996b]" started-at="2024-11-05T10:42:10 IST" name="Home_Page_Verification" finished-at="2024-11-05T10:42:14 IST" duration-ms="3895" status="PASS">
          <reporter-output>
          </reporter-output>
        </test-method> <!-- Home_Page_Verification -->
        <test-method is-config="true" signature="teardown()[pri:0, instance:Tests.TC004_HomePageVerification@481a996b]" started-at="2024-11-05T10:42:14 IST" name="teardown" finished-at="2024-11-05T10:42:18 IST" duration-ms="4933" status="PASS">
          <reporter-output>
          </reporter-output>
        </test-method> <!-- teardown -->
      </class> <!-- Tests.TC004_HomePageVerification -->
    </test> <!-- Test -->
  </suite> <!-- Suite -->
</testng-results>
